#
# There is insufficient memory for the Java Runtime Environment to continue.
# Native memory allocation (malloc) failed to allocate 52428800 bytes for committing reserved memory.
# Possible reasons:
#   The system is out of physical RAM or swap space
#   In 32 bit mode, the process size limit was hit
# Possible solutions:
#   Reduce memory load on the system
#   Increase physical memory or swap space
#   Check if swap backing store is full
#   Use 64 bit Java on a 64 bit OS
#   Decrease Java heap size (-Xmx/-Xms)
#   Decrease number of Java threads
#   Decrease Java thread stack sizes (-Xss)
#   Set larger code cache with -XX:ReservedCodeCacheSize=
# This output file may be truncated or incomplete.
#
#  Out of Memory Error (os_linux.cpp:2756), pid=7085, tid=140203140744960
#
# JRE version: Java(TM) SE Runtime Environment (7.0_80-b15) (build 1.7.0_80-b15)
# Java VM: Java HotSpot(TM) 64-Bit Server VM (24.80-b11 mixed mode linux-amd64 compressed oops)
# Failed to write core dump. Core dumps have been disabled. To enable core dumping, try "ulimit -c unlimited" before starting Java again
#

---------------  T H R E A D  ---------------

Current thread (0x00007f839c065800):  VMThread [stack: 0x00007f8396568000,0x00007f8396669000] [id=7093]

Stack: [0x00007f8396568000,0x00007f8396669000],  sp=0x00007f8396667000,  free space=1020k
Native frames: (J=compiled Java code, j=interpreted, Vv=VM code, C=native code)
V  [libjvm.so+0x9a320a]  VMError::report_and_die()+0x2ea
V  [libjvm.so+0x498d3b]  report_vm_out_of_memory(char const*, int, unsigned long, char const*)+0x9b
V  [libjvm.so+0x82191e]  os::Linux::commit_memory_impl(char*, unsigned long, bool)+0xfe
V  [libjvm.so+0x821e69]  os::pd_commit_memory(char*, unsigned long, unsigned long, bool)+0x29
V  [libjvm.so+0x81bb6a]  os::commit_memory(char*, unsigned long, unsigned long, bool)+0x2a
V  [libjvm.so+0x88d623]  PSVirtualSpace::expand_by(unsigned long)+0x53
V  [libjvm.so+0x88e9f8]  PSYoungGen::resize_generation(unsigned long, unsigned long)+0xf8
V  [libjvm.so+0x88db62]  PSYoungGen::resize(unsigned long, unsigned long)+0x22
V  [libjvm.so+0x88af1d]  PSScavenge::invoke_no_policy()+0xf3d
V  [libjvm.so+0x88b761]  PSScavenge::invoke()+0x41
V  [libjvm.so+0x843f40]  ParallelScavengeHeap::failed_mem_allocate(unsigned long)+0x70
V  [libjvm.so+0x9a4a97]  VM_ParallelGCFailedAllocation::doit()+0x97
V  [libjvm.so+0x9abf35]  VM_Operation::evaluate()+0x55
V  [libjvm.so+0x9aa2fa]  VMThread::evaluate_operation(VM_Operation*)+0xba
V  [libjvm.so+0x9aa67e]  VMThread::loop()+0x1ce
V  [libjvm.so+0x9aaaf0]  VMThread::run()+0x70
V  [libjvm.so+0x8238c8]  java_start(Thread*)+0x108

VM_Operation (0x00007f83a3b85830): ParallelGCFailedAllocation, mode: safepoint, requested by thread 0x00007f839c00a000


---------------  P R O C E S S  ---------------

Java Threads: ( => current thread )
  0x00007f839c099800 JavaThread "Service Thread" daemon [_thread_blocked, id=7099, stack(0x00007f83955a3000,0x00007f83956a4000)]
  0x00007f839c097800 JavaThread "C2 CompilerThread1" daemon [_thread_blocked, id=7098, stack(0x00007f83956a4000,0x00007f83957a5000)]
  0x00007f839c094800 JavaThread "C2 CompilerThread0" daemon [_thread_blocked, id=7097, stack(0x00007f83957a5000,0x00007f83958a6000)]
  0x00007f839c092000 JavaThread "Signal Dispatcher" daemon [_thread_blocked, id=7096, stack(0x00007f83958a6000,0x00007f83959a7000)]
  0x00007f839c06c000 JavaThread "Finalizer" daemon [_thread_blocked, id=7095, stack(0x00007f8396366000,0x00007f8396467000)]
  0x00007f839c06a000 JavaThread "Reference Handler" daemon [_thread_blocked, id=7094, stack(0x00007f8396467000,0x00007f8396568000)]
  0x00007f839c00a000 JavaThread "main" [_thread_blocked, id=7090, stack(0x00007f83a3a87000,0x00007f83a3b88000)]

Other Threads:
=>0x00007f839c065800 VMThread [stack: 0x00007f8396568000,0x00007f8396669000] [id=7093]
  0x00007f839c0a4800 WatcherThread [stack: 0x00007f83954a2000,0x00007f83955a3000] [id=7100]

VM state:at safepoint (normal execution)

VM Mutex/Monitor currently owned by a thread:  ([mutex/lock_event])
[0x00007f839c006620] Threads_lock - owner thread: 0x00007f839c065800
[0x00007f839c006b20] Heap_lock - owner thread: 0x00007f839c00a000

Heap
 PSYoungGen      total 30720K, used 2018K [0x00000000eaa80000, 0x00000000eca80000, 0x0000000100000000)
  eden space 28672K, 0% used [0x00000000eaa80000,0x00000000eaa80000,0x00000000ec680000)
  from space 2048K, 98% used [0x00000000ec680000,0x00000000ec878990,0x00000000ec880000)
  to   space 2048K, 0% used [0x00000000ec880000,0x00000000ec880000,0x00000000eca80000)
 ParOldGen       total 35840K, used 26322K [0x00000000c0000000, 0x00000000c2300000, 0x00000000eaa80000)
  object space 35840K, 73% used [0x00000000c0000000,0x00000000c19b4a48,0x00000000c2300000)
 PSPermGen       total 21504K, used 5020K [0x00000000bae00000, 0x00000000bc300000, 0x00000000c0000000)
  object space 21504K, 23% used [0x00000000bae00000,0x00000000bb2e7210,0x00000000bc300000)

Card table byte_map: [0x00007f83a0b3f000,0x00007f83a0d69000] byte_map_base: 0x00007f83a0568000

Polling page: 0x00007f83a3ba6000

Code Cache  [0x00007f8399000000, 0x00007f8399270000, 0x00007f839c000000)
 total_blobs=589 nmethods=382 adapters=161 free_code_cache=47560Kb largest_free_block=48653312

Compilation events (10 events):
Event: 19.253 Thread 0x00007f839c097800 nmethod 396% 0x00007f8399196850 code [0x00007f8399196b00, 0x00007f8399197c90]
Event: 19.253 Thread 0x00007f839c097800  397             com.android.dx.util.IntList::binarysearch (124 bytes)
Event: 19.275 Thread 0x00007f839c097800 nmethod 397 0x00007f83990a3550 code [0x00007f83990a36a0, 0x00007f83990a3878]
Event: 19.275 Thread 0x00007f839c097800  398             com.android.dx.rop.cst.CstKnownNull::getType (4 bytes)
Event: 19.276 Thread 0x00007f839c097800 nmethod 398 0x00007f83990a8010 code [0x00007f83990a8140, 0x00007f83990a8198]
Event: 19.276 Thread 0x00007f839c097800  399             com.android.dx.rop.type.Type::getFrameType (5 bytes)
Event: 19.284 Thread 0x00007f839c097800 nmethod 399 0x00007f83990a4290 code [0x00007f83990a43c0, 0x00007f83990a4438]
Event: 19.284 Thread 0x00007f839c097800  400             com.android.dx.rop.type.Type::getFrameType (58 bytes)
Event: 19.285 Thread 0x00007f839c097800 nmethod 400 0x00007f83990a3350 code [0x00007f83990a3480, 0x00007f83990a34f8]
Event: 19.285 Thread 0x00007f839c097800  401             java.lang.StringBuilder::append (8 bytes)

GC Heap History (9 events):
Event: 5.660 GC heap before
{Heap before GC invocations=1 (full 0):
 PSYoungGen      total 16384K, used 14336K [0x00000000eaa80000, 0x00000000ebc80000, 0x0000000100000000)
  eden space 14336K, 100% used [0x00000000eaa80000,0x00000000eb880000,0x00000000eb880000)
  from space 2048K, 0% used [0x00000000eba80000,0x00000000eba80000,0x00000000ebc80000)
  to   space 2048K, 0% used [0x00000000eb880000,0x00000000eb880000,0x00000000eba80000)
 ParOldGen       total 35840K, used 0K [0x00000000c0000000, 0x00000000c2300000, 0x00000000eaa80000)
  object space 35840K, 0% used [0x00000000c0000000,0x00000000c0000000,0x00000000c2300000)
 PSPermGen       total 21504K, used 4803K [0x00000000bae00000, 0x00000000bc300000, 0x00000000c0000000)
  object space 21504K, 22% used [0x00000000bae00000,0x00000000bb2b0d58,0x00000000bc300000)
Event: 5.704 GC heap after
Heap after GC invocations=1 (full 0):
 PSYoungGen      total 16384K, used 2032K [0x00000000eaa80000, 0x00000000ebc80000, 0x0000000100000000)
  eden space 14336K, 0% used [0x00000000eaa80000,0x00000000eaa80000,0x00000000eb880000)
  from space 2048K, 99% used [0x00000000eb880000,0x00000000eba7c028,0x00000000eba80000)
  to   space 2048K, 0% used [0x00000000eba80000,0x00000000eba80000,0x00000000ebc80000)
 ParOldGen       total 35840K, used 1469K [0x00000000c0000000, 0x00000000c2300000, 0x00000000eaa80000)
  object space 35840K, 4% used [0x00000000c0000000,0x00000000c016f6b0,0x00000000c2300000)
 PSPermGen       total 21504K, used 4803K [0x00000000bae00000, 0x00000000bc300000, 0x00000000c0000000)
  object space 21504K, 22% used [0x00000000bae00000,0x00000000bb2b0d58,0x00000000bc300000)
}
Event: 9.729 GC heap before
{Heap before GC invocations=2 (full 0):
 PSYoungGen      total 16384K, used 16368K [0x00000000eaa80000, 0x00000000ebc80000, 0x0000000100000000)
  eden space 14336K, 100% used [0x00000000eaa80000,0x00000000eb880000,0x00000000eb880000)
  from space 2048K, 99% used [0x00000000eb880000,0x00000000eba7c028,0x00000000eba80000)
  to   space 2048K, 0% used [0x00000000eba80000,0x00000000eba80000,0x00000000ebc80000)
 ParOldGen       total 35840K, used 1469K [0x00000000c0000000, 0x00000000c2300000, 0x00000000eaa80000)
  object space 35840K, 4% used [0x00000000c0000000,0x00000000c016f6b0,0x00000000c2300000)
 PSPermGen       total 21504K, used 4935K [0x00000000bae00000, 0x00000000bc300000, 0x00000000c0000000)
  object space 21504K, 22% used [0x00000000bae00000,0x00000000bb2d1cc8,0x00000000bc300000)
Event: 9.840 GC heap after
Heap after GC invocations=2 (full 0):
 PSYoungGen      total 16384K, used 2019K [0x00000000eaa80000, 0x00000000eca80000, 0x0000000100000000)
  eden space 14336K, 0% used [0x00000000eaa80000,0x00000000eaa80000,0x00000000eb880000)
  from space 2048K, 98% used [0x00000000eba80000,0x00000000ebc78e18,0x00000000ebc80000)
  to   space 2048K, 0% used [0x00000000eb880000,0x00000000eb880000,0x00000000eba80000)
 ParOldGen       total 35840K, used 4533K [0x00000000c0000000, 0x00000000c2300000, 0x00000000eaa80000)
  object space 35840K, 12% used [0x00000000c0000000,0x00000000c046d628,0x00000000c2300000)
 PSPermGen       total 21504K, used 4935K [0x00000000bae00000, 0x00000000bc300000, 0x00000000c0000000)
  object space 21504K, 22% used [0x00000000bae00000,0x00000000bb2d1cc8,0x00000000bc300000)
}
Event: 11.421 GC heap before
{Heap before GC invocations=3 (full 0):
 PSYoungGen      total 16384K, used 16355K [0x00000000eaa80000, 0x00000000eca80000, 0x0000000100000000)
  eden space 14336K, 100% used [0x00000000eaa80000,0x00000000eb880000,0x00000000eb880000)
  from space 2048K, 98% used [0x00000000eba80000,0x00000000ebc78e18,0x00000000ebc80000)
  to   space 2048K, 0% used [0x00000000eb880000,0x00000000eb880000,0x00000000eba80000)
 ParOldGen       total 35840K, used 4533K [0x00000000c0000000, 0x00000000c2300000, 0x00000000eaa80000)
  object space 35840K, 12% used [0x00000000c0000000,0x00000000c046d628,0x00000000c2300000)
 PSPermGen       total 21504K, used 4961K [0x00000000bae00000, 0x00000000bc300000, 0x00000000c0000000)
  object space 21504K, 23% used [0x00000000bae00000,0x00000000bb2d84c8,0x00000000bc300000)
Event: 11.509 GC heap after
Heap after GC invocations=3 (full 0):
 PSYoungGen      total 16384K, used 2019K [0x00000000eaa80000, 0x00000000eca80000, 0x0000000100000000)
  eden space 14336K, 0% used [0x00000000eaa80000,0x00000000eaa80000,0x00000000eb880000)
  from space 2048K, 98% used [0x00000000eb880000,0x00000000eba78e18,0x00000000eba80000)
  to   space 2048K, 0% used [0x00000000ec880000,0x00000000ec880000,0x00000000eca80000)
 ParOldGen       total 35840K, used 10976K [0x00000000c0000000, 0x00000000c2300000, 0x00000000eaa80000)
  object space 35840K, 30% used [0x00000000c0000000,0x00000000c0ab81b0,0x00000000c2300000)
 PSPermGen       total 21504K, used 4961K [0x00000000bae00000, 0x00000000bc300000, 0x00000000c0000000)
  object space 21504K, 23% used [0x00000000bae00000,0x00000000bb2d84c8,0x00000000bc300000)
}
Event: 15.282 GC heap before
{Heap before GC invocations=4 (full 0):
 PSYoungGen      total 16384K, used 16355K [0x00000000eaa80000, 0x00000000eca80000, 0x0000000100000000)
  eden space 14336K, 100% used [0x00000000eaa80000,0x00000000eb880000,0x00000000eb880000)
  from space 2048K, 98% used [0x00000000eb880000,0x00000000eba78e18,0x00000000eba80000)
  to   space 2048K, 0% used [0x00000000ec880000,0x00000000ec880000,0x00000000eca80000)
 ParOldGen       total 35840K, used 10976K [0x00000000c0000000, 0x00000000c2300000, 0x00000000eaa80000)
  object space 35840K, 30% used [0x00000000c0000000,0x00000000c0ab81b0,0x00000000c2300000)
 PSPermGen       total 21504K, used 4994K [0x00000000bae00000, 0x00000000bc300000, 0x00000000c0000000)
  object space 21504K, 23% used [0x00000000bae00000,0x00000000bb2e08f8,0x00000000bc300000)
Event: 15.373 GC heap after
Heap after GC invocations=4 (full 0):
 PSYoungGen      total 30720K, used 2018K [0x00000000eaa80000, 0x00000000eca80000, 0x0000000100000000)
  eden space 28672K, 0% used [0x00000000eaa80000,0x00000000eaa80000,0x00000000ec680000)
  from space 2048K, 98% used [0x00000000ec880000,0x00000000eca78990,0x00000000eca80000)
  to   space 2048K, 0% used [0x00000000ec680000,0x00000000ec680000,0x00000000ec880000)
 ParOldGen       total 35840K, used 15307K [0x00000000c0000000, 0x00000000c2300000, 0x00000000eaa80000)
  object space 35840K, 42% used [0x00000000c0000000,0x00000000c0ef2f10,0x00000000c2300000)
 PSPermGen       total 21504K, used 4994K [0x00000000bae00000, 0x00000000bc300000, 0x00000000c0000000)
  object space 21504K, 23% used [0x00000000bae00000,0x00000000bb2e08f8,0x00000000bc300000)
}
Event: 19.289 GC heap before
{Heap before GC invocations=5 (full 0):
 PSYoungGen      total 30720K, used 30690K [0x00000000eaa80000, 0x00000000eca80000, 0x0000000100000000)
  eden space 28672K, 100% used [0x00000000eaa80000,0x00000000ec680000,0x00000000ec680000)
  from space 2048K, 98% used [0x00000000ec880000,0x00000000eca78990,0x00000000eca80000)
  to   space 2048K, 0% used [0x00000000ec680000,0x00000000ec680000,0x00000000ec880000)
 ParOldGen       total 35840K, used 15307K [0x00000000c0000000, 0x00000000c2300000, 0x00000000eaa80000)
  object space 35840K, 42% used [0x00000000c0000000,0x00000000c0ef2f10,0x00000000c2300000)
 PSPermGen       total 21504K, used 5020K [0x00000000bae00000, 0x00000000bc300000, 0x00000000c0000000)
  object space 21504K, 23% used [0x00000000bae00000,0x00000000bb2e7210,0x00000000bc300000)

Deoptimization events (10 events):
Event: 15.495 Thread 0x00007f839c00a000 Uncommon trap: reason=unstable_if action=reinterpret pc=0x00007f83990b1bac method=com.android.dx.ssa.SCCP.simulateBranch(Lcom/android/dx/ssa/SsaInsn;)V @ 548
Event: 15.540 Thread 0x00007f839c00a000 Uncommon trap: reason=class_check action=maybe_recompile pc=0x00007f83990b5a24 method=java.util.HashMap.put(Ljava/lang/Object;Ljava/lang/Object;)Ljava/lang/Object; @ 83
Event: 15.541 Thread 0x00007f839c00a000 Uncommon trap: reason=class_check action=maybe_recompile pc=0x00007f83990b5a24 method=java.util.HashMap.put(Ljava/lang/Object;Ljava/lang/Object;)Ljava/lang/Object; @ 83
Event: 15.542 Thread 0x00007f839c00a000 Uncommon trap: reason=unstable_if action=reinterpret pc=0x00007f839906ea84 method=com.android.dx.rop.cst.Constant.compareTo(Lcom/android/dx/rop/cst/Constant;)I @ 12
Event: 15.597 Thread 0x00007f839c00a000 Uncommon trap: reason=unstable_if action=reinterpret pc=0x00007f83991521a0 method=com.android.dx.ssa.back.FirstFitLocalCombiningAllocator.findNextUnreservedRopReg(II)I @ 29
Event: 15.639 Thread 0x00007f839c00a000 Uncommon trap: reason=unstable_if action=reinterpret pc=0x00007f83990c5168 method=com.android.dx.util.IntList.binarysearch(I)I @ 26
Event: 15.641 Thread 0x00007f839c00a000 Uncommon trap: reason=unstable_if action=reinterpret pc=0x00007f83990e19ec method=com.android.dx.ssa.back.IdenticalBlockCombiner.process()Lcom/android/dx/rop/code/RopMethod; @ 197
Event: 15.847 Thread 0x00007f839c00a000 Uncommon trap: reason=unstable_if action=reinterpret pc=0x00007f83990a07e4 method=com.android.dx.util.IntList.binarysearch(I)I @ 26
Event: 15.868 Thread 0x00007f839c00a000 Uncommon trap: reason=unstable_if action=reinterpret pc=0x00007f83990f9668 method=com.android.dx.util.IntList.binarysearch(I)I @ 26
Event: 15.868 Thread 0x00007f839c00a000 Uncommon trap: reason=unstable_if action=reinterpret pc=0x00007f83990c39ec method=com.android.dx.util.IntList.binarysearch(I)I @ 26

Internal exceptions (10 events):
Event: 2.604 Thread 0x00007f839c00a000 Threw 0x00000000eb1ce098 at /HUDSON/workspace/7u-2-build-linux-amd64/jdk7u80/2329/hotspot/src/share/vm/prims/jvm.cpp:1319
Event: 2.606 Thread 0x00007f839c00a000 Threw 0x00000000eb1d13b0 at /HUDSON/workspace/7u-2-build-linux-amd64/jdk7u80/2329/hotspot/src/share/vm/prims/jvm.cpp:1319
Event: 3.984 Thread 0x00007f839c00a000 Threw 0x00000000eb47b0e8 at /HUDSON/workspace/7u-2-build-linux-amd64/jdk7u80/2329/hotspot/src/share/vm/prims/jvm.cpp:1319
Event: 3.990 Thread 0x00007f839c00a000 Threw 0x00000000eb482f98 at /HUDSON/workspace/7u-2-build-linux-amd64/jdk7u80/2329/hotspot/src/share/vm/prims/jvm.cpp:1319
Event: 3.992 Thread 0x00007f839c00a000 Threw 0x00000000eb486ac0 at /HUDSON/workspace/7u-2-build-linux-amd64/jdk7u80/2329/hotspot/src/share/vm/prims/jvm.cpp:1319
Event: 8.346 Thread 0x00007f839c00a000 Threw 0x00000000eb442500 at /HUDSON/workspace/7u-2-build-linux-amd64/jdk7u80/2329/hotspot/src/share/vm/prims/jvm.cpp:1319
Event: 10.654 Thread 0x00007f839c00a000 Threw 0x00000000eb3681f0 at /HUDSON/workspace/7u-2-build-linux-amd64/jdk7u80/2329/hotspot/src/share/vm/prims/jvm.cpp:1319
Event: 15.033 Thread 0x00007f839c00a000 Implicit null exception at 0x00007f83990b6bad to 0x00007f83990b8241
Event: 15.033 Thread 0x00007f839c00a000 Implicit null exception at 0x00007f83990e8b5f to 0x00007f83990e96d9
Event: 18.366 Thread 0x00007f839c00a000 Threw 0x00000000ebdf3318 at /HUDSON/workspace/7u-2-build-linux-amd64/jdk7u80/2329/hotspot/src/share/vm/prims/jvm.cpp:1319

Events (10 events):
Event: 15.868 Thread 0x00007f839c00a000 Uncommon trap: trap_request=0xffffff75 fr.pc=0x00007f83990f9668
Event: 15.868 Thread 0x00007f839c00a000 DEOPT PACKING pc=0x00007f83990f9668 sp=0x00007f83a3b85b40
Event: 15.868 Thread 0x00007f839c00a000 DEOPT UNPACKING pc=0x00007f8399039045 sp=0x00007f83a3b859d8 mode 2
Event: 15.868 Thread 0x00007f839c00a000 Uncommon trap: trap_request=0xffffff75 fr.pc=0x00007f83990c39ec
Event: 15.868 Thread 0x00007f839c00a000 DEOPT PACKING pc=0x00007f83990c39ec sp=0x00007f83a3b85a50
Event: 15.868 Thread 0x00007f839c00a000 DEOPT UNPACKING pc=0x00007f8399039045 sp=0x00007f83a3b858d8 mode 2
Event: 16.266 Thread 0x00007f839c097800 flushing nmethod 0x00007f83990a30d0
Event: 18.366 loading class 0x00007f839c159990
Event: 18.366 loading class 0x00007f839c159990 done
Event: 19.289 Executing VM operation: ParallelGCFailedAllocation


Dynamic libraries:
00400000-00401000 r-xp 00000000 08:06 1067759                            /usr/lib/jvm/java-7-oracle/bin/java
00600000-00601000 rw-p 00000000 08:06 1067759                            /usr/lib/jvm/java-7-oracle/bin/java
008c2000-008e3000 rw-p 00000000 00:00 0                                  [heap]
bae00000-bc300000 rw-p 00000000 00:00 0 
bc300000-c0000000 rw-p 00000000 00:00 0 
c0000000-c2300000 rw-p 00000000 00:00 0 
c2300000-eaa80000 rw-p 00000000 00:00 0 
eaa80000-eca80000 rw-p 00000000 00:00 0 
efc80000-100000000 rw-p 00000000 00:00 0 
7f8368000000-7f8368021000 rw-p 00000000 00:00 0 
7f8368021000-7f836c000000 ---p 00000000 00:00 0 
7f8370000000-7f83709ba000 rw-p 00000000 00:00 0 
7f83709ba000-7f8374000000 ---p 00000000 00:00 0 
7f8374000000-7f8374021000 rw-p 00000000 00:00 0 
7f8374021000-7f8378000000 ---p 00000000 00:00 0 
7f8378000000-7f8378021000 rw-p 00000000 00:00 0 
7f8378021000-7f837c000000 ---p 00000000 00:00 0 
7f837c000000-7f837cbc2000 rw-p 00000000 00:00 0 
7f837cbc2000-7f8380000000 ---p 00000000 00:00 0 
7f8380000000-7f8380021000 rw-p 00000000 00:00 0 
7f8380021000-7f8384000000 ---p 00000000 00:00 0 
7f8384000000-7f8384021000 rw-p 00000000 00:00 0 
7f8384021000-7f8388000000 ---p 00000000 00:00 0 
7f8388000000-7f8388021000 rw-p 00000000 00:00 0 
7f8388021000-7f838c000000 ---p 00000000 00:00 0 
7f838c000000-7f838c0e4000 rw-p 00000000 00:00 0 
7f838c0e4000-7f8390000000 ---p 00000000 00:00 0 
7f8390000000-7f8390021000 rw-p 00000000 00:00 0 
7f8390021000-7f8394000000 ---p 00000000 00:00 0 
7f8395335000-7f83954a2000 rw-p 00000000 00:00 0 
7f83954a2000-7f83954a3000 ---p 00000000 00:00 0 
7f83954a3000-7f83955a3000 rw-p 00000000 00:00 0 
7f83955a3000-7f83955a6000 ---p 00000000 00:00 0 
7f83955a6000-7f83956a4000 rw-p 00000000 00:00 0 
7f83956a4000-7f83956a7000 ---p 00000000 00:00 0 
7f83956a7000-7f83957a5000 rw-p 00000000 00:00 0 
7f83957a5000-7f83957a8000 ---p 00000000 00:00 0 
7f83957a8000-7f83958a6000 rw-p 00000000 00:00 0 
7f83958a6000-7f83958a9000 ---p 00000000 00:00 0 
7f83958a9000-7f83959a7000 rw-p 00000000 00:00 0 
7f83959a7000-7f8396366000 r--p 00000000 08:06 1053622                    /usr/lib/locale/locale-archive
7f8396366000-7f8396369000 ---p 00000000 00:00 0 
7f8396369000-7f8396467000 rw-p 00000000 00:00 0 
7f8396467000-7f839646a000 ---p 00000000 00:00 0 
7f839646a000-7f8396568000 rw-p 00000000 00:00 0 
7f8396568000-7f8396569000 ---p 00000000 00:00 0 
7f8396569000-7f8399000000 rw-p 00000000 00:00 0 
7f8399000000-7f8399270000 rwxp 00000000 00:00 0 
7f8399270000-7f839c1ac000 rw-p 00000000 00:00 0 
7f839c1ac000-7f83a0000000 ---p 00000000 00:00 0 
7f83a002c000-7f83a02dc000 rw-p 00000000 00:00 0 
7f83a02dc000-7f83a049c000 r--s 039fb000 08:06 1065887                    /usr/lib/jvm/java-7-oracle/jre/lib/rt.jar
7f83a049c000-7f83a07be000 rw-p 00000000 00:00 0 
7f83a07be000-7f83a07bf000 ---p 00000000 00:00 0 
7f83a07bf000-7f83a08bf000 rw-p 00000000 00:00 0 
7f83a08bf000-7f83a08c0000 ---p 00000000 00:00 0 
7f83a08c0000-7f83a09cb000 rw-p 00000000 00:00 0 
7f83a09cb000-7f83a09e9000 rw-p 00000000 00:00 0 
7f83a09e9000-7f83a09fb000 rw-p 00000000 00:00 0 
7f83a09fb000-7f83a0b3f000 rw-p 00000000 00:00 0 
7f83a0b3f000-7f83a0b4a000 rw-p 00000000 00:00 0 
7f83a0b4a000-7f83a0b68000 rw-p 00000000 00:00 0 
7f83a0b68000-7f83a0b7a000 rw-p 00000000 00:00 0 
7f83a0b7a000-7f83a0cbd000 rw-p 00000000 00:00 0 
7f83a0cbd000-7f83a0cce000 rw-p 00000000 00:00 0 
7f83a0cce000-7f83a0d68000 rw-p 00000000 00:00 0 
7f83a0d68000-7f83a0d69000 rw-p 00000000 00:00 0 
7f83a0d69000-7f83a0d80000 r-xp 00000000 08:06 1049899                    /usr/lib/jvm/java-7-oracle/jre/lib/amd64/libzip.so
7f83a0d80000-7f83a0f80000 ---p 00017000 08:06 1049899                    /usr/lib/jvm/java-7-oracle/jre/lib/amd64/libzip.so
7f83a0f80000-7f83a0f81000 rw-p 00017000 08:06 1049899                    /usr/lib/jvm/java-7-oracle/jre/lib/amd64/libzip.so
7f83a0f81000-7f83a0f8c000 r-xp 00000000 08:06 135948                     /lib/x86_64-linux-gnu/libnss_files-2.23.so
7f83a0f8c000-7f83a118b000 ---p 0000b000 08:06 135948                     /lib/x86_64-linux-gnu/libnss_files-2.23.so
7f83a118b000-7f83a118c000 r--p 0000a000 08:06 135948                     /lib/x86_64-linux-gnu/libnss_files-2.23.so
7f83a118c000-7f83a118d000 rw-p 0000b000 08:06 135948                     /lib/x86_64-linux-gnu/libnss_files-2.23.so
7f83a118d000-7f83a1193000 rw-p 00000000 00:00 0 
7f83a1193000-7f83a119e000 r-xp 00000000 08:06 135958                     /lib/x86_64-linux-gnu/libnss_nis-2.23.so
7f83a119e000-7f83a139d000 ---p 0000b000 08:06 135958                     /lib/x86_64-linux-gnu/libnss_nis-2.23.so
7f83a139d000-7f83a139e000 r--p 0000a000 08:06 135958                     /lib/x86_64-linux-gnu/libnss_nis-2.23.so
7f83a139e000-7f83a139f000 rw-p 0000b000 08:06 135958                     /lib/x86_64-linux-gnu/libnss_nis-2.23.so
7f83a139f000-7f83a13b5000 r-xp 00000000 08:06 135942                     /lib/x86_64-linux-gnu/libnsl-2.23.so
7f83a13b5000-7f83a15b4000 ---p 00016000 08:06 135942                     /lib/x86_64-linux-gnu/libnsl-2.23.so
7f83a15b4000-7f83a15b5000 r--p 00015000 08:06 135942                     /lib/x86_64-linux-gnu/libnsl-2.23.so
7f83a15b5000-7f83a15b6000 rw-p 00016000 08:06 135942                     /lib/x86_64-linux-gnu/libnsl-2.23.so
7f83a15b6000-7f83a15b8000 rw-p 00000000 00:00 0 
7f83a15b8000-7f83a15c0000 r-xp 00000000 08:06 135944                     /lib/x86_64-linux-gnu/libnss_compat-2.23.so
7f83a15c0000-7f83a17bf000 ---p 00008000 08:06 135944                     /lib/x86_64-linux-gnu/libnss_compat-2.23.so
7f83a17bf000-7f83a17c0000 r--p 00007000 08:06 135944                     /lib/x86_64-linux-gnu/libnss_compat-2.23.so
7f83a17c0000-7f83a17c1000 rw-p 00008000 08:06 135944                     /lib/x86_64-linux-gnu/libnss_compat-2.23.so
7f83a17c1000-7f83a17ea000 r-xp 00000000 08:06 1048468                    /usr/lib/jvm/java-7-oracle/jre/lib/amd64/libjava.so
7f83a17ea000-7f83a19ea000 ---p 00029000 08:06 1048468                    /usr/lib/jvm/java-7-oracle/jre/lib/amd64/libjava.so
7f83a19ea000-7f83a19ec000 rw-p 00029000 08:06 1048468                    /usr/lib/jvm/java-7-oracle/jre/lib/amd64/libjava.so
7f83a19ec000-7f83a19f9000 r-xp 00000000 08:06 1049892                    /usr/lib/jvm/java-7-oracle/jre/lib/amd64/libverify.so
7f83a19f9000-7f83a1bf8000 ---p 0000d000 08:06 1049892                    /usr/lib/jvm/java-7-oracle/jre/lib/amd64/libverify.so
7f83a1bf8000-7f83a1bfa000 rw-p 0000c000 08:06 1049892                    /usr/lib/jvm/java-7-oracle/jre/lib/amd64/libverify.so
7f83a1bfa000-7f83a1c01000 r-xp 00000000 08:06 136003                     /lib/x86_64-linux-gnu/librt-2.23.so
7f83a1c01000-7f83a1e00000 ---p 00007000 08:06 136003                     /lib/x86_64-linux-gnu/librt-2.23.so
7f83a1e00000-7f83a1e01000 r--p 00006000 08:06 136003                     /lib/x86_64-linux-gnu/librt-2.23.so
7f83a1e01000-7f83a1e02000 rw-p 00007000 08:06 136003                     /lib/x86_64-linux-gnu/librt-2.23.so
7f83a1e02000-7f83a1f0a000 r-xp 00000000 08:06 135919                     /lib/x86_64-linux-gnu/libm-2.23.so
7f83a1f0a000-7f83a2109000 ---p 00108000 08:06 135919                     /lib/x86_64-linux-gnu/libm-2.23.so
7f83a2109000-7f83a210a000 r--p 00107000 08:06 135919                     /lib/x86_64-linux-gnu/libm-2.23.so
7f83a210a000-7f83a210b000 rw-p 00108000 08:06 135919                     /lib/x86_64-linux-gnu/libm-2.23.so
7f83a210b000-7f83a2c81000 r-xp 00000000 08:06 1050874                    /usr/lib/jvm/java-7-oracle/jre/lib/amd64/server/libjvm.so
7f83a2c81000-7f83a2e80000 ---p 00b76000 08:06 1050874                    /usr/lib/jvm/java-7-oracle/jre/lib/amd64/server/libjvm.so
7f83a2e80000-7f83a2f44000 rw-p 00b75000 08:06 1050874                    /usr/lib/jvm/java-7-oracle/jre/lib/amd64/server/libjvm.so
7f83a2f44000-7f83a2f85000 rw-p 00000000 00:00 0 
7f83a2f85000-7f83a3145000 r-xp 00000000 08:06 135849                     /lib/x86_64-linux-gnu/libc-2.23.so
7f83a3145000-7f83a3344000 ---p 001c0000 08:06 135849                     /lib/x86_64-linux-gnu/libc-2.23.so
7f83a3344000-7f83a3348000 r--p 001bf000 08:06 135849                     /lib/x86_64-linux-gnu/libc-2.23.so
7f83a3348000-7f83a334a000 rw-p 001c3000 08:06 135849                     /lib/x86_64-linux-gnu/libc-2.23.so
7f83a334a000-7f83a334e000 rw-p 00000000 00:00 0 
7f83a334e000-7f83a3351000 r-xp 00000000 08:06 135873                     /lib/x86_64-linux-gnu/libdl-2.23.so
7f83a3351000-7f83a3550000 ---p 00003000 08:06 135873                     /lib/x86_64-linux-gnu/libdl-2.23.so
7f83a3550000-7f83a3551000 r--p 00002000 08:06 135873                     /lib/x86_64-linux-gnu/libdl-2.23.so
7f83a3551000-7f83a3552000 rw-p 00003000 08:06 135873                     /lib/x86_64-linux-gnu/libdl-2.23.so
7f83a3552000-7f83a3567000 r-xp 00000000 08:06 1065995                    /usr/lib/jvm/java-7-oracle/lib/amd64/jli/libjli.so
7f83a3567000-7f83a3766000 ---p 00015000 08:06 1065995                    /usr/lib/jvm/java-7-oracle/lib/amd64/jli/libjli.so
7f83a3766000-7f83a3767000 rw-p 00014000 08:06 1065995                    /usr/lib/jvm/java-7-oracle/lib/amd64/jli/libjli.so
7f83a3767000-7f83a377f000 r-xp 00000000 08:06 135995                     /lib/x86_64-linux-gnu/libpthread-2.23.so
7f83a377f000-7f83a397e000 ---p 00018000 08:06 135995                     /lib/x86_64-linux-gnu/libpthread-2.23.so
7f83a397e000-7f83a397f000 r--p 00017000 08:06 135995                     /lib/x86_64-linux-gnu/libpthread-2.23.so
7f83a397f000-7f83a3980000 rw-p 00018000 08:06 135995                     /lib/x86_64-linux-gnu/libpthread-2.23.so
7f83a3980000-7f83a3984000 rw-p 00000000 00:00 0 
7f83a3984000-7f83a39aa000 r-xp 00000000 08:06 135821                     /lib/x86_64-linux-gnu/ld-2.23.so
7f83a39b1000-7f83a39d1000 rw-p 00000000 00:00 0 
7f83a39d1000-7f83a3a87000 rw-p 00000000 00:00 0 
7f83a3a87000-7f83a3a8a000 ---p 00000000 00:00 0 
7f83a3a8a000-7f83a3b8c000 rw-p 00000000 00:00 0 
7f83a3b8f000-7f83a3b9d000 r--s 000cf000 08:09 11407384                   /home/oladapo/Downloads/android-sdk-linux/build-tools/19.1.0/lib/dx.jar
7f83a3b9d000-7f83a3ba5000 rw-s 00000000 08:06 795764                     /tmp/hsperfdata_oladapo/7085
7f83a3ba5000-7f83a3ba6000 rw-p 00000000 00:00 0 
7f83a3ba6000-7f83a3ba7000 ---p 00000000 00:00 0 
7f83a3ba7000-7f83a3ba9000 rw-p 00000000 00:00 0 
7f83a3ba9000-7f83a3baa000 r--p 00025000 08:06 135821                     /lib/x86_64-linux-gnu/ld-2.23.so
7f83a3baa000-7f83a3bab000 rw-p 00026000 08:06 135821                     /lib/x86_64-linux-gnu/ld-2.23.so
7f83a3bab000-7f83a3bac000 rw-p 00000000 00:00 0 
7ffd6ca4c000-7ffd6ca6d000 rw-p 00000000 00:00 0                          [stack]
7ffd6cb3c000-7ffd6cb3e000 r--p 00000000 00:00 0                          [vvar]
7ffd6cb3e000-7ffd6cb40000 r-xp 00000000 00:00 0                          [vdso]
ffffffffff600000-ffffffffff601000 r-xp 00000000 00:00 0                  [vsyscall]

VM Arguments:
jvm_args: -Djava.awt.headless=true -Xmx1024M -Dfile.encoding=UTF-8 -Duser.country=US -Duser.language=en -Duser.variant 
java_command: com.android.dx.command.Main --dex --force-jumbo --output /home/oladapo/AndroidStudioProjects/Sudoku/app/build/intermediates/pre-dexed/debug/main_209bf063376a3dba68fbf844df0b26e9749f7ccc.jar /home/oladapo/AndroidStudioProjects/Sudoku/app/build/intermediates/transforms/instantRun/debug/folders/1/5/main
Launcher Type: SUN_STANDARD

Environment Variables:
PATH=/usr/local/sbin:/usr/local/bin:/usr/sbin:/usr/bin:/sbin:/bin:/usr/games:/usr/local/games:/snap/bin
LD_LIBRARY_PATH=/opt/android-studio/bin:
SHELL=/bin/bash
DISPLAY=:0

Signal Handlers:
SIGSEGV: [libjvm.so+0x9a3b20], sa_mask[0]=0x7ffbfeff, sa_flags=0x10000004
SIGBUS: [libjvm.so+0x9a3b20], sa_mask[0]=0x7ffbfeff, sa_flags=0x10000004
SIGFPE: [libjvm.so+0x81e740], sa_mask[0]=0x7ffbfeff, sa_flags=0x10000004
SIGPIPE: [libjvm.so+0x81e740], sa_mask[0]=0x7ffbfeff, sa_flags=0x10000004
SIGXFSZ: [libjvm.so+0x81e740], sa_mask[0]=0x7ffbfeff, sa_flags=0x10000004
SIGILL: [libjvm.so+0x81e740], sa_mask[0]=0x7ffbfeff, sa_flags=0x10000004
SIGUSR1: SIG_DFL, sa_mask[0]=0x00000000, sa_flags=0x00000000
SIGUSR2: [libjvm.so+0x81ffb0], sa_mask[0]=0x00000004, sa_flags=0x10000004
SIGHUP: [libjvm.so+0x8210d0], sa_mask[0]=0x7ffbfeff, sa_flags=0x10000004
SIGINT: [libjvm.so+0x8210d0], sa_mask[0]=0x7ffbfeff, sa_flags=0x10000004
SIGTERM: [libjvm.so+0x8210d0], sa_mask[0]=0x7ffbfeff, sa_flags=0x10000004
SIGQUIT: [libjvm.so+0x8210d0], sa_mask[0]=0x7ffbfeff, sa_flags=0x10000004


---------------  S Y S T E M  ---------------

OS:stretch/sid

uname:Linux 4.4.0-24-generic #43-Ubuntu SMP Wed Jun 8 19:27:37 UTC 2016 x86_64
libc:glibc 2.23 NPTL 2.23 
rlimit: STACK 8192k, CORE 0k, NPROC 13251, NOFILE 65536, AS infinity
load average:3.79 3.24 3.08

/proc/meminfo:
MemTotal:        3474760 kB
MemFree:          106148 kB
MemAvailable:      47224 kB
Buffers:            1180 kB
Cached:            50704 kB
SwapCached:            0 kB
Active:          2708100 kB
Inactive:          43760 kB
Active(anon):    2701416 kB
Inactive(anon):    29688 kB
Active(file):       6684 kB
Inactive(file):    14072 kB
Unevictable:          32 kB
Mlocked:              32 kB
SwapTotal:             0 kB
SwapFree:              0 kB
Dirty:               624 kB
Writeback:             0 kB
AnonPages:       2700200 kB
Mapped:           408800 kB
Shmem:             30936 kB
Slab:              68152 kB
SReclaimable:      30332 kB
SUnreclaim:        37820 kB
KernelStack:        9568 kB
PageTables:        36572 kB
NFS_Unstable:          0 kB
Bounce:                0 kB
WritebackTmp:          0 kB
CommitLimit:     1737380 kB
Committed_AS:    6278156 kB
VmallocTotal:   34359738367 kB
VmallocUsed:           0 kB
VmallocChunk:          0 kB
HardwareCorrupted:     0 kB
AnonHugePages:   1579008 kB
CmaTotal:              0 kB
CmaFree:               0 kB
HugePages_Total:       0
HugePages_Free:        0
HugePages_Rsvd:        0
HugePages_Surp:        0
Hugepagesize:       2048 kB
DirectMap4k:      683772 kB
DirectMap2M:     2930688 kB
DirectMap1G:           0 kB


CPU:total 2 (2 cores per cpu, 1 threads per core) family 22 model 0 stepping 1, cmov, cx8, fxsr, mmx, sse, sse2, sse3, ssse3, sse4.1, sse4.2, popcnt, avx, aes, mmxext, 3dnowpref, lzcnt, sse4a, tsc, tscinvbit, tscinv

/proc/cpuinfo:
processor	: 0
vendor_id	: AuthenticAMD
cpu family	: 22
model		: 0
model name	: AMD E1-2100 APU with Radeon(TM) HD Graphics
stepping	: 1
microcode	: 0x700010b
cpu MHz		: 800.000
cache size	: 1024 KB
physical id	: 0
siblings	: 2
core id		: 0
cpu cores	: 2
apicid		: 0
initial apicid	: 0
fpu		: yes
fpu_exception	: yes
cpuid level	: 13
wp		: yes
flags		: fpu vme de pse tsc msr pae mce cx8 apic sep mtrr pge mca cmov pat pse36 clflush mmx fxsr sse sse2 ht syscall nx mmxext fxsr_opt pdpe1gb rdtscp lm constant_tsc rep_good nopl nonstop_tsc extd_apicid aperfmperf eagerfpu pni pclmulqdq monitor ssse3 cx16 sse4_1 sse4_2 movbe popcnt aes xsave avx f16c lahf_lm cmp_legacy svm extapic cr8_legacy abm sse4a misalignsse 3dnowprefetch osvw ibs skinit wdt topoext perfctr_nb bpext perfctr_l2 hw_pstate proc_feedback vmmcall bmi1 xsaveopt arat npt lbrv svm_lock nrip_save tsc_scale flushbyasid decodeassists pausefilter pfthreshold
bugs		: fxsave_leak sysret_ss_attrs
bogomips	: 1996.16
TLB size	: 1024 4K pages
clflush size	: 64
cache_alignment	: 64
address sizes	: 40 bits physical, 48 bits virtual
power management: ts ttp tm 100mhzsteps hwpstate [11]

processor	: 1
vendor_id	: AuthenticAMD
cpu family	: 22
model		: 0
model name	: AMD E1-2100 APU with Radeon(TM) HD Graphics
stepping	: 1
microcode	: 0x700010b
cpu MHz		: 800.000
cache size	: 1024 KB
physical id	: 0
siblings	: 2
core id		: 1
cpu cores	: 2
apicid		: 1
initial apicid	: 1
fpu		: yes
fpu_exception	: yes
cpuid level	: 13
wp		: yes
flags		: fpu vme de pse tsc msr pae mce cx8 apic sep mtrr pge mca cmov pat pse36 clflush mmx fxsr sse sse2 ht syscall nx mmxext fxsr_opt pdpe1gb rdtscp lm constant_tsc rep_good nopl nonstop_tsc extd_apicid aperfmperf eagerfpu pni pclmulqdq monitor ssse3 cx16 sse4_1 sse4_2 movbe popcnt aes xsave avx f16c lahf_lm cmp_legacy svm extapic cr8_legacy abm sse4a misalignsse 3dnowprefetch osvw ibs skinit wdt topoext perfctr_nb bpext perfctr_l2 hw_pstate proc_feedback vmmcall bmi1 xsaveopt arat npt lbrv svm_lock nrip_save tsc_scale flushbyasid decodeassists pausefilter pfthreshold
bugs		: fxsave_leak sysret_ss_attrs
bogomips	: 1996.16
TLB size	: 1024 4K pages
clflush size	: 64
cache_alignment	: 64
address sizes	: 40 bits physical, 48 bits virtual
power management: ts ttp tm 100mhzsteps hwpstate [11]



Memory: 4k page, physical 3474760k(106148k free), swap 0k(0k free)

vm_info: Java HotSpot(TM) 64-Bit Server VM (24.80-b11) for linux-amd64 JRE (1.7.0_80-b15), built on Apr 10 2015 19:53:14 by "java_re" with gcc 4.3.0 20080428 (Red Hat 4.3.0-8)

time: Mon Jul 11 14:21:09 2016
elapsed time: 21 seconds

