#
# There is insufficient memory for the Java Runtime Environment to continue.
# Native memory allocation (malloc) failed to allocate 80216064 bytes for committing reserved memory.
# Possible reasons:
#   The system is out of physical RAM or swap space
#   In 32 bit mode, the process size limit was hit
# Possible solutions:
#   Reduce memory load on the system
#   Increase physical memory or swap space
#   Check if swap backing store is full
#   Use 64 bit Java on a 64 bit OS
#   Decrease Java heap size (-Xmx/-Xms)
#   Decrease number of Java threads
#   Decrease Java thread stack sizes (-Xss)
#   Set larger code cache with -XX:ReservedCodeCacheSize=
# This output file may be truncated or incomplete.
#
#  Out of Memory Error (os_linux.cpp:2756), pid=3795, tid=140716639659776
#
# JRE version: Java(TM) SE Runtime Environment (7.0_80-b15) (build 1.7.0_80-b15)
# Java VM: Java HotSpot(TM) 64-Bit Server VM (24.80-b11 mixed mode linux-amd64 compressed oops)
# Failed to write core dump. Core dumps have been disabled. To enable core dumping, try "ulimit -c unlimited" before starting Java again
#

---------------  T H R E A D  ---------------

Current thread (0x00007ffb2c065800):  VMThread [stack: 0x00007ffb25422000,0x00007ffb25523000] [id=3803]

Stack: [0x00007ffb25422000,0x00007ffb25523000],  sp=0x00007ffb25521300,  free space=1020k
Native frames: (J=compiled Java code, j=interpreted, Vv=VM code, C=native code)
V  [libjvm.so+0x9a320a]  VMError::report_and_die()+0x2ea
V  [libjvm.so+0x498d3b]  report_vm_out_of_memory(char const*, int, unsigned long, char const*)+0x9b
V  [libjvm.so+0x82191e]  os::Linux::commit_memory_impl(char*, unsigned long, bool)+0xfe
V  [libjvm.so+0x821e69]  os::pd_commit_memory(char*, unsigned long, unsigned long, bool)+0x29
V  [libjvm.so+0x81bb6a]  os::commit_memory(char*, unsigned long, unsigned long, bool)+0x2a
V  [libjvm.so+0x88d623]  PSVirtualSpace::expand_by(unsigned long)+0x53
V  [libjvm.so+0x88e9f8]  PSYoungGen::resize_generation(unsigned long, unsigned long)+0xf8
V  [libjvm.so+0x88db62]  PSYoungGen::resize(unsigned long, unsigned long)+0x22
V  [libjvm.so+0x88af1d]  PSScavenge::invoke_no_policy()+0xf3d
V  [libjvm.so+0x88b761]  PSScavenge::invoke()+0x41
V  [libjvm.so+0x843f40]  ParallelScavengeHeap::failed_mem_allocate(unsigned long)+0x70
V  [libjvm.so+0x9a4a97]  VM_ParallelGCFailedAllocation::doit()+0x97
V  [libjvm.so+0x9abf35]  VM_Operation::evaluate()+0x55
V  [libjvm.so+0x9aa2fa]  VMThread::evaluate_operation(VM_Operation*)+0xba
V  [libjvm.so+0x9aa67e]  VMThread::loop()+0x1ce
V  [libjvm.so+0x9aaaf0]  VMThread::run()+0x70
V  [libjvm.so+0x8238c8]  java_start(Thread*)+0x108

VM_Operation (0x00007ffb32a13d30): ParallelGCFailedAllocation, mode: safepoint, requested by thread 0x00007ffb2c00a000


---------------  P R O C E S S  ---------------

Java Threads: ( => current thread )
  0x00007ffb2c09c000 JavaThread "Service Thread" daemon [_thread_blocked, id=3810, stack(0x00007ffb2445d000,0x00007ffb2455e000)]
  0x00007ffb2c099800 JavaThread "C2 CompilerThread1" daemon [_thread_blocked, id=3809, stack(0x00007ffb2455e000,0x00007ffb2465f000)]
  0x00007ffb2c097000 JavaThread "C2 CompilerThread0" daemon [_thread_blocked, id=3808, stack(0x00007ffb2465f000,0x00007ffb24760000)]
  0x00007ffb2c094800 JavaThread "Signal Dispatcher" daemon [_thread_blocked, id=3807, stack(0x00007ffb24760000,0x00007ffb24861000)]
  0x00007ffb2c06c000 JavaThread "Finalizer" daemon [_thread_blocked, id=3805, stack(0x00007ffb25220000,0x00007ffb25321000)]
  0x00007ffb2c06a000 JavaThread "Reference Handler" daemon [_thread_blocked, id=3804, stack(0x00007ffb25321000,0x00007ffb25422000)]
  0x00007ffb2c00a000 JavaThread "main" [_thread_blocked, id=3800, stack(0x00007ffb32915000,0x00007ffb32a16000)]

Other Threads:
=>0x00007ffb2c065800 VMThread [stack: 0x00007ffb25422000,0x00007ffb25523000] [id=3803]
  0x00007ffb2c0a7000 WatcherThread [stack: 0x00007ffb2435c000,0x00007ffb2445d000] [id=3811]

VM state:at safepoint (normal execution)

VM Mutex/Monitor currently owned by a thread:  ([mutex/lock_event])
[0x00007ffb2c006680] Threads_lock - owner thread: 0x00007ffb2c065800
[0x00007ffb2c006b80] Heap_lock - owner thread: 0x00007ffb2c00a000

Heap
 PSYoungGen      total 125440K, used 15859K [0x00000000eaa80000, 0x00000000f3880000, 0x0000000100000000)
  eden space 109568K, 0% used [0x00000000eaa80000,0x00000000eaa80000,0x00000000f1580000)
  from space 15872K, 99% used [0x00000000f1580000,0x00000000f24fcdf8,0x00000000f2500000)
  to   space 11776K, 0% used [0x00000000f2500000,0x00000000f2500000,0x00000000f3080000)
 ParOldGen       total 39936K, used 39723K [0x00000000c0000000, 0x00000000c2700000, 0x00000000eaa80000)
  object space 39936K, 99% used [0x00000000c0000000,0x00000000c26cafb0,0x00000000c2700000)
 PSPermGen       total 21504K, used 5565K [0x00000000bae00000, 0x00000000bc300000, 0x00000000c0000000)
  object space 21504K, 25% used [0x00000000bae00000,0x00000000bb36f778,0x00000000bc300000)

Card table byte_map: [0x00007ffb289ac000,0x00007ffb28bd6000] byte_map_base: 0x00007ffb283d5000

Polling page: 0x00007ffb32a34000

Code Cache  [0x00007ffb28bd6000, 0x00007ffb28e76000, 0x00007ffb2bbd6000)
 total_blobs=857 nmethods=632 adapters=179 free_code_cache=46575Kb largest_free_block=47624896

Compilation events (10 events):
Event: 99.365 Thread 0x00007ffb2c097000 nmethod 669 0x00007ffb28dd5850 code [0x00007ffb28dd59e0, 0x00007ffb28dd5e28]
Event: 99.440 Thread 0x00007ffb2c099800 nmethod 643 0x00007ffb28e5c410 code [0x00007ffb28e5cb80, 0x00007ffb28e630f0]
Event: 99.636 Thread 0x00007ffb2c097000  670 % !         com.android.dx.cf.code.Ropper::doit @ 21 (126 bytes)
Event: 100.028 Thread 0x00007ffb2c099800  671             com.android.dx.rop.cst.CstNat::isInstanceInit (13 bytes)
Event: 100.030 Thread 0x00007ffb2c099800 nmethod 671 0x00007ffb28e52950 code [0x00007ffb28e52aa0, 0x00007ffb28e52bf8]
Event: 100.106 Thread 0x00007ffb2c099800  672             com.android.dx.cf.iface.StdMethod::getEffectiveDescriptor (5 bytes)
Event: 100.107 Thread 0x00007ffb2c099800 nmethod 672 0x00007ffb28e52710 code [0x00007ffb28e52840, 0x00007ffb28e52898]
Event: 100.186 Thread 0x00007ffb2c099800  673             com.android.dx.rop.code.Rop::<init> (137 bytes)
Event: 100.193 Thread 0x00007ffb2c099800 nmethod 673 0x00007ffb28dd5210 code [0x00007ffb28dd5360, 0x00007ffb28dd5558]
Event: 100.303 Thread 0x00007ffb2c099800  674   !         com.android.dx.cf.code.RopperMachine::run (1550 bytes)

GC Heap History (10 events):
Event: 32.343 GC heap after
Heap after GC invocations=4 (full 0):
 PSYoungGen      total 30720K, used 2032K [0x00000000eaa80000, 0x00000000eca80000, 0x0000000100000000)
  eden space 28672K, 0% used [0x00000000eaa80000,0x00000000eaa80000,0x00000000ec680000)
  from space 2048K, 99% used [0x00000000ec880000,0x00000000eca7c038,0x00000000eca80000)
  to   space 2048K, 0% used [0x00000000ec680000,0x00000000ec680000,0x00000000ec880000)
 ParOldGen       total 35840K, used 8572K [0x00000000c0000000, 0x00000000c2300000, 0x00000000eaa80000)
  object space 35840K, 23% used [0x00000000c0000000,0x00000000c085f370,0x00000000c2300000)
 PSPermGen       total 21504K, used 5422K [0x00000000bae00000, 0x00000000bc300000, 0x00000000c0000000)
  object space 21504K, 25% used [0x00000000bae00000,0x00000000bb34baa8,0x00000000bc300000)
}
Event: 42.367 GC heap before
{Heap before GC invocations=5 (full 0):
 PSYoungGen      total 30720K, used 30704K [0x00000000eaa80000, 0x00000000eca80000, 0x0000000100000000)
  eden space 28672K, 100% used [0x00000000eaa80000,0x00000000ec680000,0x00000000ec680000)
  from space 2048K, 99% used [0x00000000ec880000,0x00000000eca7c038,0x00000000eca80000)
  to   space 2048K, 0% used [0x00000000ec680000,0x00000000ec680000,0x00000000ec880000)
 ParOldGen       total 35840K, used 8572K [0x00000000c0000000, 0x00000000c2300000, 0x00000000eaa80000)
  object space 35840K, 23% used [0x00000000c0000000,0x00000000c085f370,0x00000000c2300000)
 PSPermGen       total 21504K, used 5457K [0x00000000bae00000, 0x00000000bc300000, 0x00000000c0000000)
  object space 21504K, 25% used [0x00000000bae00000,0x00000000bb3547c0,0x00000000bc300000)
Event: 42.599 GC heap after
Heap after GC invocations=5 (full 0):
 PSYoungGen      total 30720K, used 2040K [0x00000000eaa80000, 0x00000000eef80000, 0x0000000100000000)
  eden space 28672K, 0% used [0x00000000eaa80000,0x00000000eaa80000,0x00000000ec680000)
  from space 2048K, 99% used [0x00000000ec680000,0x00000000ec87e050,0x00000000ec880000)
  to   space 6656K, 0% used [0x00000000ee900000,0x00000000ee900000,0x00000000eef80000)
 ParOldGen       total 35840K, used 13135K [0x00000000c0000000, 0x00000000c2300000, 0x00000000eaa80000)
  object space 35840K, 36% used [0x00000000c0000000,0x00000000c0cd3f10,0x00000000c2300000)
 PSPermGen       total 21504K, used 5457K [0x00000000bae00000, 0x00000000bc300000, 0x00000000c0000000)
  object space 21504K, 25% used [0x00000000bae00000,0x00000000bb3547c0,0x00000000bc300000)
}
Event: 49.607 GC heap before
{Heap before GC invocations=6 (full 0):
 PSYoungGen      total 30720K, used 30712K [0x00000000eaa80000, 0x00000000eef80000, 0x0000000100000000)
  eden space 28672K, 100% used [0x00000000eaa80000,0x00000000ec680000,0x00000000ec680000)
  from space 2048K, 99% used [0x00000000ec680000,0x00000000ec87e050,0x00000000ec880000)
  to   space 6656K, 0% used [0x00000000ee900000,0x00000000ee900000,0x00000000eef80000)
 ParOldGen       total 35840K, used 13135K [0x00000000c0000000, 0x00000000c2300000, 0x00000000eaa80000)
  object space 35840K, 36% used [0x00000000c0000000,0x00000000c0cd3f10,0x00000000c2300000)
 PSPermGen       total 21504K, used 5473K [0x00000000bae00000, 0x00000000bc300000, 0x00000000c0000000)
  object space 21504K, 25% used [0x00000000bae00000,0x00000000bb3585d8,0x00000000bc300000)
Event: 49.971 GC heap after
Heap after GC invocations=6 (full 0):
 PSYoungGen      total 63488K, used 6110K [0x00000000eaa80000, 0x00000000ef080000, 0x0000000100000000)
  eden space 56832K, 0% used [0x00000000eaa80000,0x00000000eaa80000,0x00000000ee200000)
  from space 6656K, 91% used [0x00000000ee900000,0x00000000eeef7868,0x00000000eef80000)
  to   space 7168K, 0% used [0x00000000ee200000,0x00000000ee200000,0x00000000ee900000)
 ParOldGen       total 35840K, used 13135K [0x00000000c0000000, 0x00000000c2300000, 0x00000000eaa80000)
  object space 35840K, 36% used [0x00000000c0000000,0x00000000c0cd3f10,0x00000000c2300000)
 PSPermGen       total 21504K, used 5473K [0x00000000bae00000, 0x00000000bc300000, 0x00000000c0000000)
  object space 21504K, 25% used [0x00000000bae00000,0x00000000bb3585d8,0x00000000bc300000)
}
Event: 65.959 GC heap before
{Heap before GC invocations=7 (full 0):
 PSYoungGen      total 63488K, used 62942K [0x00000000eaa80000, 0x00000000ef080000, 0x0000000100000000)
  eden space 56832K, 100% used [0x00000000eaa80000,0x00000000ee200000,0x00000000ee200000)
  from space 6656K, 91% used [0x00000000ee900000,0x00000000eeef7868,0x00000000eef80000)
  to   space 7168K, 0% used [0x00000000ee200000,0x00000000ee200000,0x00000000ee900000)
 ParOldGen       total 35840K, used 13135K [0x00000000c0000000, 0x00000000c2300000, 0x00000000eaa80000)
  object space 35840K, 36% used [0x00000000c0000000,0x00000000c0cd3f10,0x00000000c2300000)
 PSPermGen       total 21504K, used 5512K [0x00000000bae00000, 0x00000000bc300000, 0x00000000c0000000)
  object space 21504K, 25% used [0x00000000bae00000,0x00000000bb3620a0,0x00000000bc300000)
Event: 66.518 GC heap after
Heap after GC invocations=7 (full 0):
 PSYoungGen      total 64000K, used 7167K [0x00000000eaa80000, 0x00000000f3080000, 0x0000000100000000)
  eden space 56832K, 0% used [0x00000000eaa80000,0x00000000eaa80000,0x00000000ee200000)
  from space 7168K, 99% used [0x00000000ee200000,0x00000000ee8ffe00,0x00000000ee900000)
  to   space 11776K, 0% used [0x00000000f2500000,0x00000000f2500000,0x00000000f3080000)
 ParOldGen       total 35840K, used 20660K [0x00000000c0000000, 0x00000000c2300000, 0x00000000eaa80000)
  object space 35840K, 57% used [0x00000000c0000000,0x00000000c142d3b0,0x00000000c2300000)
 PSPermGen       total 21504K, used 5512K [0x00000000bae00000, 0x00000000bc300000, 0x00000000c0000000)
  object space 21504K, 25% used [0x00000000bae00000,0x00000000bb3620a0,0x00000000bc300000)
}
Event: 77.562 GC heap before
{Heap before GC invocations=8 (full 0):
 PSYoungGen      total 64000K, used 63999K [0x00000000eaa80000, 0x00000000f3080000, 0x0000000100000000)
  eden space 56832K, 100% used [0x00000000eaa80000,0x00000000ee200000,0x00000000ee200000)
  from space 7168K, 99% used [0x00000000ee200000,0x00000000ee8ffe00,0x00000000ee900000)
  to   space 11776K, 0% used [0x00000000f2500000,0x00000000f2500000,0x00000000f3080000)
 ParOldGen       total 35840K, used 20660K [0x00000000c0000000, 0x00000000c2300000, 0x00000000eaa80000)
  object space 35840K, 57% used [0x00000000c0000000,0x00000000c142d3b0,0x00000000c2300000)
 PSPermGen       total 21504K, used 5524K [0x00000000bae00000, 0x00000000bc300000, 0x00000000c0000000)
  object space 21504K, 25% used [0x00000000bae00000,0x00000000bb3653a0,0x00000000bc300000)
Event: 78.462 GC heap after
Heap after GC invocations=8 (full 0):
 PSYoungGen      total 121344K, used 11756K [0x00000000eaa80000, 0x00000000f3880000, 0x0000000100000000)
  eden space 109568K, 0% used [0x00000000eaa80000,0x00000000eaa80000,0x00000000f1580000)
  from space 11776K, 99% used [0x00000000f2500000,0x00000000f307b0d0,0x00000000f3080000)
  to   space 15872K, 0% used [0x00000000f1580000,0x00000000f1580000,0x00000000f2500000)
 ParOldGen       total 35840K, used 25633K [0x00000000c0000000, 0x00000000c2300000, 0x00000000eaa80000)
  object space 35840K, 71% used [0x00000000c0000000,0x00000000c1908728,0x00000000c2300000)
 PSPermGen       total 21504K, used 5524K [0x00000000bae00000, 0x00000000bc300000, 0x00000000c0000000)
  object space 21504K, 25% used [0x00000000bae00000,0x00000000bb3653a0,0x00000000bc300000)
}
Event: 100.344 GC heap before
{Heap before GC invocations=9 (full 0):
 PSYoungGen      total 121344K, used 121324K [0x00000000eaa80000, 0x00000000f3880000, 0x0000000100000000)
  eden space 109568K, 100% used [0x00000000eaa80000,0x00000000f1580000,0x00000000f1580000)
  from space 11776K, 99% used [0x00000000f2500000,0x00000000f307b0d0,0x00000000f3080000)
  to   space 15872K, 0% used [0x00000000f1580000,0x00000000f1580000,0x00000000f2500000)
 ParOldGen       total 35840K, used 25633K [0x00000000c0000000, 0x00000000c2300000, 0x00000000eaa80000)
  object space 35840K, 71% used [0x00000000c0000000,0x00000000c1908728,0x00000000c2300000)
 PSPermGen       total 21504K, used 5565K [0x00000000bae00000, 0x00000000bc300000, 0x00000000c0000000)
  object space 21504K, 25% used [0x00000000bae00000,0x00000000bb36f778,0x00000000bc300000)

Deoptimization events (10 events):
Event: 73.375 Thread 0x00007ffb2c00a000 Uncommon trap: reason=bimorphic action=maybe_recompile pc=0x00007ffb28d9fce4 method=com.android.dx.cf.code.BytecodeArray.parseInstruction(ILcom/android/dx/cf/code/BytecodeArray$Visitor;)I @ 2484
Event: 87.131 Thread 0x00007ffb2c00a000 Uncommon trap: reason=unstable_if action=reinterpret pc=0x00007ffb28d22dcc method=com.android.dx.ssa.InterferenceRegisterMapper.interferes(III)Z @ 69
Event: 89.127 Thread 0x00007ffb2c00a000 Uncommon trap: reason=unstable_if action=reinterpret pc=0x00007ffb28de1364 method=com.android.dx.cf.code.Ropper.isSynchronized()Z @ 12
Event: 89.128 Thread 0x00007ffb2c00a000 Uncommon trap: reason=unstable_if action=reinterpret pc=0x00007ffb28dfe590 method=com.android.dx.cf.code.Ropper.isSynchronized()Z @ 12
Event: 89.129 Thread 0x00007ffb2c00a000 Uncommon trap: reason=unstable_if action=reinterpret pc=0x00007ffb28dafe28 method=com.android.dx.cf.code.Ropper.isSynchronized()Z @ 12
Event: 89.665 Thread 0x00007ffb2c00a000 Uncommon trap: reason=unstable_if action=reinterpret pc=0x00007ffb28db45a8 method=com.android.dx.dex.code.RopTranslator.pickOrder()V @ 279
Event: 91.328 Thread 0x00007ffb2c00a000 Uncommon trap: reason=unstable_if action=reinterpret pc=0x00007ffb28d48f80 method=com.android.dx.ssa.SCCP.simulateBranch(Lcom/android/dx/ssa/SsaInsn;)V @ 548
Event: 91.328 Thread 0x00007ffb2c00a000 Uncommon trap: reason=unstable_if action=reinterpret pc=0x00007ffb28d59024 method=com.android.dx.ssa.SCCP.simulateStmt(Lcom/android/dx/ssa/SsaInsn;)V @ 435
Event: 99.794 Thread 0x00007ffb2c00a000 Uncommon trap: reason=unstable_if action=reinterpret pc=0x00007ffb28df4e74 method=com.android.dx.rop.code.LocalItem.compareHandlesNulls(Lcom/android/dx/rop/cst/CstString;Lcom/android/dx/rop/cst/CstString;)I @ 14
Event: 99.794 Thread 0x00007ffb2c00a000 Uncommon trap: reason=unstable_if action=reinterpret pc=0x00007ffb28d16320 method=com.android.dx.rop.code.LocalItem.compareHandlesNulls(Lcom/android/dx/rop/cst/CstString;Lcom/android/dx/rop/cst/CstString;)I @ 14

Internal exceptions (10 events):
Event: 26.114 Thread 0x00007ffb2c00a000 Threw 0x00000000eb66fdd0 at /HUDSON/workspace/7u-2-build-linux-amd64/jdk7u80/2329/hotspot/src/share/vm/prims/jvm.cpp:1319
Event: 26.132 Thread 0x00007ffb2c00a000 Threw 0x00000000eb675460 at /HUDSON/workspace/7u-2-build-linux-amd64/jdk7u80/2329/hotspot/src/share/vm/prims/jvm.cpp:1319
Event: 26.135 Thread 0x00007ffb2c00a000 Threw 0x00000000eb67a770 at /HUDSON/workspace/7u-2-build-linux-amd64/jdk7u80/2329/hotspot/src/share/vm/prims/jvm.cpp:1319
Event: 30.326 Thread 0x00007ffb2c00a000 Implicit null exception at 0x00007ffb28d023eb to 0x00007ffb28d02aa1
Event: 38.104 Thread 0x00007ffb2c00a000 Threw 0x00000000eb9d4990 at /HUDSON/workspace/7u-2-build-linux-amd64/jdk7u80/2329/hotspot/src/share/vm/prims/jvm.cpp:1319
Event: 41.832 Thread 0x00007ffb2c00a000 Threw 0x00000000ec43f918 at /HUDSON/workspace/7u-2-build-linux-amd64/jdk7u80/2329/hotspot/src/share/vm/prims/jvm.cpp:1319
Event: 45.062 Thread 0x00007ffb2c00a000 Threw 0x00000000eb5dad58 at /HUDSON/workspace/7u-2-build-linux-amd64/jdk7u80/2329/hotspot/src/share/vm/prims/jvm.cpp:1319
Event: 71.240 Thread 0x00007ffb2c00a000 Threw 0x00000000ec355fd8 at /HUDSON/workspace/7u-2-build-linux-amd64/jdk7u80/2329/hotspot/src/share/vm/prims/jvm.cpp:1319
Event: 99.794 Thread 0x00007ffb2c00a000 Implicit null exception at 0x00007ffb28df4cb7 to 0x00007ffb28df4e61
Event: 99.794 Thread 0x00007ffb2c00a000 Implicit null exception at 0x00007ffb28d15945 to 0x00007ffb28d162ed

Events (10 events):
Event: 96.872 Thread 0x00007ffb2c097000 flushing nmethod 0x00007ffb28d1aa10
Event: 97.107 Thread 0x00007ffb2c097000 flushing nmethod 0x00007ffb28dd5210
Event: 97.107 Thread 0x00007ffb2c097000 flushing nmethod 0x00007ffb28ddb990
Event: 99.794 Thread 0x00007ffb2c00a000 Uncommon trap: trap_request=0xffffff75 fr.pc=0x00007ffb28df4e74
Event: 99.794 Thread 0x00007ffb2c00a000 DEOPT PACKING pc=0x00007ffb28df4e74 sp=0x00007ffb32a13d00
Event: 99.794 Thread 0x00007ffb2c00a000 DEOPT UNPACKING pc=0x00007ffb28c0f045 sp=0x00007ffb32a13c00 mode 2
Event: 99.794 Thread 0x00007ffb2c00a000 Uncommon trap: trap_request=0xffffff75 fr.pc=0x00007ffb28d16320
Event: 99.794 Thread 0x00007ffb2c00a000 DEOPT PACKING pc=0x00007ffb28d16320 sp=0x00007ffb32a13d70
Event: 99.794 Thread 0x00007ffb2c00a000 DEOPT UNPACKING pc=0x00007ffb28c0f045 sp=0x00007ffb32a13b48 mode 2
Event: 100.343 Executing VM operation: ParallelGCFailedAllocation


Dynamic libraries:
00400000-00401000 r-xp 00000000 08:06 1067759                            /usr/lib/jvm/java-7-oracle/bin/java
00600000-00601000 rw-p 00000000 08:06 1067759                            /usr/lib/jvm/java-7-oracle/bin/java
015e5000-01606000 rw-p 00000000 00:00 0                                  [heap]
bae00000-bc300000 rw-p 00000000 00:00 0 
bc300000-c0000000 rw-p 00000000 00:00 0 
c0000000-c2700000 rw-p 00000000 00:00 0 
c2700000-eaa80000 rw-p 00000000 00:00 0 
eaa80000-f3880000 rw-p 00000000 00:00 0 
f8500000-100000000 rw-p 00000000 00:00 0 
7ffaf8000000-7ffaf8021000 rw-p 00000000 00:00 0 
7ffaf8021000-7ffafc000000 ---p 00000000 00:00 0 
7ffaffae8000-7ffaffde9000 rw-p 00000000 00:00 0 
7ffaffde9000-7ffaffe00000 r-xp 00000000 08:06 1049904                    /usr/lib/jvm/java-7-oracle/jre/lib/amd64/libnet.so
7ffaffe00000-7ffafffff000 ---p 00017000 08:06 1049904                    /usr/lib/jvm/java-7-oracle/jre/lib/amd64/libnet.so
7ffafffff000-7ffb00000000 rw-p 00016000 08:06 1049904                    /usr/lib/jvm/java-7-oracle/jre/lib/amd64/libnet.so
7ffb00000000-7ffb01188000 rw-p 00000000 00:00 0 
7ffb01188000-7ffb04000000 ---p 00000000 00:00 0 
7ffb04000000-7ffb04021000 rw-p 00000000 00:00 0 
7ffb04021000-7ffb08000000 ---p 00000000 00:00 0 
7ffb08000000-7ffb08021000 rw-p 00000000 00:00 0 
7ffb08021000-7ffb0c000000 ---p 00000000 00:00 0 
7ffb0c000000-7ffb0d258000 rw-p 00000000 00:00 0 
7ffb0d258000-7ffb10000000 ---p 00000000 00:00 0 
7ffb10000000-7ffb10021000 rw-p 00000000 00:00 0 
7ffb10021000-7ffb14000000 ---p 00000000 00:00 0 
7ffb14000000-7ffb14021000 rw-p 00000000 00:00 0 
7ffb14021000-7ffb18000000 ---p 00000000 00:00 0 
7ffb18000000-7ffb18021000 rw-p 00000000 00:00 0 
7ffb18021000-7ffb1c000000 ---p 00000000 00:00 0 
7ffb1c000000-7ffb1c250000 rw-p 00000000 00:00 0 
7ffb1c250000-7ffb20000000 ---p 00000000 00:00 0 
7ffb20000000-7ffb20021000 rw-p 00000000 00:00 0 
7ffb20021000-7ffb24000000 ---p 00000000 00:00 0 
7ffb24135000-7ffb24145000 r-xp 00000000 08:06 1049171                    /usr/lib/jvm/java-7-oracle/jre/lib/amd64/libnio.so
7ffb24145000-7ffb24345000 ---p 00010000 08:06 1049171                    /usr/lib/jvm/java-7-oracle/jre/lib/amd64/libnio.so
7ffb24345000-7ffb24346000 rw-p 00010000 08:06 1049171                    /usr/lib/jvm/java-7-oracle/jre/lib/amd64/libnio.so
7ffb24346000-7ffb2435c000 r--s 000f1000 08:09 658460                     /home/oladapo/AndroidStudioProjects/Sudoku/app/build/intermediates/exploded-aar/com.android.support/support-v4/23.4.0/jars/classes.jar
7ffb2435c000-7ffb2435d000 ---p 00000000 00:00 0 
7ffb2435d000-7ffb2445d000 rw-p 00000000 00:00 0 
7ffb2445d000-7ffb24460000 ---p 00000000 00:00 0 
7ffb24460000-7ffb2455e000 rw-p 00000000 00:00 0 
7ffb2455e000-7ffb24561000 ---p 00000000 00:00 0 
7ffb24561000-7ffb2465f000 rw-p 00000000 00:00 0 
7ffb2465f000-7ffb24662000 ---p 00000000 00:00 0 
7ffb24662000-7ffb24760000 rw-p 00000000 00:00 0 
7ffb24760000-7ffb24763000 ---p 00000000 00:00 0 
7ffb24763000-7ffb24861000 rw-p 00000000 00:00 0 
7ffb24861000-7ffb25220000 r--p 00000000 08:06 1053622                    /usr/lib/locale/locale-archive
7ffb25220000-7ffb25223000 ---p 00000000 00:00 0 
7ffb25223000-7ffb25321000 rw-p 00000000 00:00 0 
7ffb25321000-7ffb25324000 ---p 00000000 00:00 0 
7ffb25324000-7ffb25422000 rw-p 00000000 00:00 0 
7ffb25422000-7ffb25423000 ---p 00000000 00:00 0 
7ffb25423000-7ffb25eb9000 rw-p 00000000 00:00 0 
7ffb25eb9000-7ffb26079000 r--s 039fb000 08:06 1065887                    /usr/lib/jvm/java-7-oracle/jre/lib/rt.jar
7ffb26079000-7ffb2862b000 rw-p 00000000 00:00 0 
7ffb2862b000-7ffb2862c000 ---p 00000000 00:00 0 
7ffb2862c000-7ffb2872c000 rw-p 00000000 00:00 0 
7ffb2872c000-7ffb2872d000 ---p 00000000 00:00 0 
7ffb2872d000-7ffb28838000 rw-p 00000000 00:00 0 
7ffb28838000-7ffb28856000 rw-p 00000000 00:00 0 
7ffb28856000-7ffb2886a000 rw-p 00000000 00:00 0 
7ffb2886a000-7ffb289ac000 rw-p 00000000 00:00 0 
7ffb289ac000-7ffb289b7000 rw-p 00000000 00:00 0 
7ffb289b7000-7ffb289d5000 rw-p 00000000 00:00 0 
7ffb289d5000-7ffb289e9000 rw-p 00000000 00:00 0 
7ffb289e9000-7ffb28b2a000 rw-p 00000000 00:00 0 
7ffb28b2a000-7ffb28b72000 rw-p 00000000 00:00 0 
7ffb28b72000-7ffb28bd5000 rw-p 00000000 00:00 0 
7ffb28bd5000-7ffb28bd6000 rw-p 00000000 00:00 0 
7ffb28bd6000-7ffb28e76000 rwxp 00000000 00:00 0 
7ffb28e76000-7ffb2bbd6000 rw-p 00000000 00:00 0 
7ffb2bbd6000-7ffb2bbed000 r-xp 00000000 08:06 1049899                    /usr/lib/jvm/java-7-oracle/jre/lib/amd64/libzip.so
7ffb2bbed000-7ffb2bded000 ---p 00017000 08:06 1049899                    /usr/lib/jvm/java-7-oracle/jre/lib/amd64/libzip.so
7ffb2bded000-7ffb2bdee000 rw-p 00017000 08:06 1049899                    /usr/lib/jvm/java-7-oracle/jre/lib/amd64/libzip.so
7ffb2bdee000-7ffb2bdf9000 r-xp 00000000 08:06 135948                     /lib/x86_64-linux-gnu/libnss_files-2.23.so
7ffb2bdf9000-7ffb2bff8000 ---p 0000b000 08:06 135948                     /lib/x86_64-linux-gnu/libnss_files-2.23.so
7ffb2bff8000-7ffb2bff9000 r--p 0000a000 08:06 135948                     /lib/x86_64-linux-gnu/libnss_files-2.23.so
7ffb2bff9000-7ffb2bffa000 rw-p 0000b000 08:06 135948                     /lib/x86_64-linux-gnu/libnss_files-2.23.so
7ffb2bffa000-7ffb2c000000 rw-p 00000000 00:00 0 
7ffb2c000000-7ffb2c1ab000 rw-p 00000000 00:00 0 
7ffb2c1ab000-7ffb30000000 ---p 00000000 00:00 0 
7ffb30000000-7ffb30021000 rw-p 00000000 00:00 0 
7ffb30021000-7ffb3002c000 r-xp 00000000 08:06 135958                     /lib/x86_64-linux-gnu/libnss_nis-2.23.so
7ffb3002c000-7ffb3022b000 ---p 0000b000 08:06 135958                     /lib/x86_64-linux-gnu/libnss_nis-2.23.so
7ffb3022b000-7ffb3022c000 r--p 0000a000 08:06 135958                     /lib/x86_64-linux-gnu/libnss_nis-2.23.so
7ffb3022c000-7ffb3022d000 rw-p 0000b000 08:06 135958                     /lib/x86_64-linux-gnu/libnss_nis-2.23.so
7ffb3022d000-7ffb30243000 r-xp 00000000 08:06 135942                     /lib/x86_64-linux-gnu/libnsl-2.23.so
7ffb30243000-7ffb30442000 ---p 00016000 08:06 135942                     /lib/x86_64-linux-gnu/libnsl-2.23.so
7ffb30442000-7ffb30443000 r--p 00015000 08:06 135942                     /lib/x86_64-linux-gnu/libnsl-2.23.so
7ffb30443000-7ffb30444000 rw-p 00016000 08:06 135942                     /lib/x86_64-linux-gnu/libnsl-2.23.so
7ffb30444000-7ffb30446000 rw-p 00000000 00:00 0 
7ffb30446000-7ffb3044e000 r-xp 00000000 08:06 135944                     /lib/x86_64-linux-gnu/libnss_compat-2.23.so
7ffb3044e000-7ffb3064d000 ---p 00008000 08:06 135944                     /lib/x86_64-linux-gnu/libnss_compat-2.23.so
7ffb3064d000-7ffb3064e000 r--p 00007000 08:06 135944                     /lib/x86_64-linux-gnu/libnss_compat-2.23.so
7ffb3064e000-7ffb3064f000 rw-p 00008000 08:06 135944                     /lib/x86_64-linux-gnu/libnss_compat-2.23.so
7ffb3064f000-7ffb30678000 r-xp 00000000 08:06 1048468                    /usr/lib/jvm/java-7-oracle/jre/lib/amd64/libjava.so
7ffb30678000-7ffb30878000 ---p 00029000 08:06 1048468                    /usr/lib/jvm/java-7-oracle/jre/lib/amd64/libjava.so
7ffb30878000-7ffb3087a000 rw-p 00029000 08:06 1048468                    /usr/lib/jvm/java-7-oracle/jre/lib/amd64/libjava.so
7ffb3087a000-7ffb30887000 r-xp 00000000 08:06 1049892                    /usr/lib/jvm/java-7-oracle/jre/lib/amd64/libverify.so
7ffb30887000-7ffb30a86000 ---p 0000d000 08:06 1049892                    /usr/lib/jvm/java-7-oracle/jre/lib/amd64/libverify.so
7ffb30a86000-7ffb30a88000 rw-p 0000c000 08:06 1049892                    /usr/lib/jvm/java-7-oracle/jre/lib/amd64/libverify.so
7ffb30a88000-7ffb30a8f000 r-xp 00000000 08:06 136003                     /lib/x86_64-linux-gnu/librt-2.23.so
7ffb30a8f000-7ffb30c8e000 ---p 00007000 08:06 136003                     /lib/x86_64-linux-gnu/librt-2.23.so
7ffb30c8e000-7ffb30c8f000 r--p 00006000 08:06 136003                     /lib/x86_64-linux-gnu/librt-2.23.so
7ffb30c8f000-7ffb30c90000 rw-p 00007000 08:06 136003                     /lib/x86_64-linux-gnu/librt-2.23.so
7ffb30c90000-7ffb30d98000 r-xp 00000000 08:06 135919                     /lib/x86_64-linux-gnu/libm-2.23.so
7ffb30d98000-7ffb30f97000 ---p 00108000 08:06 135919                     /lib/x86_64-linux-gnu/libm-2.23.so
7ffb30f97000-7ffb30f98000 r--p 00107000 08:06 135919                     /lib/x86_64-linux-gnu/libm-2.23.so
7ffb30f98000-7ffb30f99000 rw-p 00108000 08:06 135919                     /lib/x86_64-linux-gnu/libm-2.23.so
7ffb30f99000-7ffb31b0f000 r-xp 00000000 08:06 1050874                    /usr/lib/jvm/java-7-oracle/jre/lib/amd64/server/libjvm.so
7ffb31b0f000-7ffb31d0e000 ---p 00b76000 08:06 1050874                    /usr/lib/jvm/java-7-oracle/jre/lib/amd64/server/libjvm.so
7ffb31d0e000-7ffb31dd2000 rw-p 00b75000 08:06 1050874                    /usr/lib/jvm/java-7-oracle/jre/lib/amd64/server/libjvm.so
7ffb31dd2000-7ffb31e13000 rw-p 00000000 00:00 0 
7ffb31e13000-7ffb31fd3000 r-xp 00000000 08:06 135849                     /lib/x86_64-linux-gnu/libc-2.23.so
7ffb31fd3000-7ffb321d2000 ---p 001c0000 08:06 135849                     /lib/x86_64-linux-gnu/libc-2.23.so
7ffb321d2000-7ffb321d6000 r--p 001bf000 08:06 135849                     /lib/x86_64-linux-gnu/libc-2.23.so
7ffb321d6000-7ffb321d8000 rw-p 001c3000 08:06 135849                     /lib/x86_64-linux-gnu/libc-2.23.so
7ffb321d8000-7ffb321dc000 rw-p 00000000 00:00 0 
7ffb321dc000-7ffb321df000 r-xp 00000000 08:06 135873                     /lib/x86_64-linux-gnu/libdl-2.23.so
7ffb321df000-7ffb323de000 ---p 00003000 08:06 135873                     /lib/x86_64-linux-gnu/libdl-2.23.so
7ffb323de000-7ffb323df000 r--p 00002000 08:06 135873                     /lib/x86_64-linux-gnu/libdl-2.23.so
7ffb323df000-7ffb323e0000 rw-p 00003000 08:06 135873                     /lib/x86_64-linux-gnu/libdl-2.23.so
7ffb323e0000-7ffb323f5000 r-xp 00000000 08:06 1065995                    /usr/lib/jvm/java-7-oracle/lib/amd64/jli/libjli.so
7ffb323f5000-7ffb325f4000 ---p 00015000 08:06 1065995                    /usr/lib/jvm/java-7-oracle/lib/amd64/jli/libjli.so
7ffb325f4000-7ffb325f5000 rw-p 00014000 08:06 1065995                    /usr/lib/jvm/java-7-oracle/lib/amd64/jli/libjli.so
7ffb325f5000-7ffb3260d000 r-xp 00000000 08:06 135995                     /lib/x86_64-linux-gnu/libpthread-2.23.so
7ffb3260d000-7ffb3280c000 ---p 00018000 08:06 135995                     /lib/x86_64-linux-gnu/libpthread-2.23.so
7ffb3280c000-7ffb3280d000 r--p 00017000 08:06 135995                     /lib/x86_64-linux-gnu/libpthread-2.23.so
7ffb3280d000-7ffb3280e000 rw-p 00018000 08:06 135995                     /lib/x86_64-linux-gnu/libpthread-2.23.so
7ffb3280e000-7ffb32812000 rw-p 00000000 00:00 0 
7ffb32812000-7ffb32838000 r-xp 00000000 08:06 135821                     /lib/x86_64-linux-gnu/ld-2.23.so
7ffb3283f000-7ffb32860000 rw-p 00000000 00:00 0 
7ffb32860000-7ffb32915000 rw-p 00000000 00:00 0 
7ffb32915000-7ffb32918000 ---p 00000000 00:00 0 
7ffb32918000-7ffb32a1a000 rw-p 00000000 00:00 0 
7ffb32a1d000-7ffb32a2b000 r--s 000cf000 08:09 11407384                   /home/oladapo/Downloads/android-sdk-linux/build-tools/19.1.0/lib/dx.jar
7ffb32a2b000-7ffb32a33000 rw-s 00000000 08:06 790110                     /tmp/hsperfdata_oladapo/3795
7ffb32a33000-7ffb32a34000 rw-p 00000000 00:00 0 
7ffb32a34000-7ffb32a35000 ---p 00000000 00:00 0 
7ffb32a35000-7ffb32a37000 rw-p 00000000 00:00 0 
7ffb32a37000-7ffb32a38000 r--p 00025000 08:06 135821                     /lib/x86_64-linux-gnu/ld-2.23.so
7ffb32a38000-7ffb32a39000 rw-p 00026000 08:06 135821                     /lib/x86_64-linux-gnu/ld-2.23.so
7ffb32a39000-7ffb32a3a000 rw-p 00000000 00:00 0 
7fff4a00a000-7fff4a02b000 rw-p 00000000 00:00 0                          [stack]
7fff4a15a000-7fff4a15c000 r--p 00000000 00:00 0                          [vvar]
7fff4a15c000-7fff4a15e000 r-xp 00000000 00:00 0                          [vdso]
ffffffffff600000-ffffffffff601000 r-xp 00000000 00:00 0                  [vsyscall]

VM Arguments:
jvm_args: -Djava.awt.headless=true -Xmx1024M -Dfile.encoding=UTF-8 -Duser.country=US -Duser.language=en -Duser.variant 
java_command: com.android.dx.command.Main --dex --force-jumbo --output /home/oladapo/AndroidStudioProjects/Sudoku/app/build/intermediates/pre-dexed/debug/com.android.support-support-v4-23.4.0_de2677993dbffa149a639929c334706f3a75f424.jar /home/oladapo/AndroidStudioProjects/Sudoku/app/build/intermediates/exploded-aar/com.android.support/support-v4/23.4.0/jars/classes.jar
Launcher Type: SUN_STANDARD

Environment Variables:
PATH=/usr/local/sbin:/usr/local/bin:/usr/sbin:/usr/bin:/sbin:/bin:/usr/games:/usr/local/games:/snap/bin
LD_LIBRARY_PATH=/opt/android-studio/bin:
SHELL=/bin/bash
DISPLAY=:0

Signal Handlers:
SIGSEGV: [libjvm.so+0x9a3b20], sa_mask[0]=0x7ffbfeff, sa_flags=0x10000004
SIGBUS: [libjvm.so+0x9a3b20], sa_mask[0]=0x7ffbfeff, sa_flags=0x10000004
SIGFPE: [libjvm.so+0x81e740], sa_mask[0]=0x7ffbfeff, sa_flags=0x10000004
SIGPIPE: [libjvm.so+0x81e740], sa_mask[0]=0x7ffbfeff, sa_flags=0x10000004
SIGXFSZ: [libjvm.so+0x81e740], sa_mask[0]=0x7ffbfeff, sa_flags=0x10000004
SIGILL: [libjvm.so+0x81e740], sa_mask[0]=0x7ffbfeff, sa_flags=0x10000004
SIGUSR1: SIG_DFL, sa_mask[0]=0x00000000, sa_flags=0x00000000
SIGUSR2: [libjvm.so+0x81ffb0], sa_mask[0]=0x00000004, sa_flags=0x10000004
SIGHUP: [libjvm.so+0x8210d0], sa_mask[0]=0x7ffbfeff, sa_flags=0x10000004
SIGINT: [libjvm.so+0x8210d0], sa_mask[0]=0x7ffbfeff, sa_flags=0x10000004
SIGTERM: [libjvm.so+0x8210d0], sa_mask[0]=0x7ffbfeff, sa_flags=0x10000004
SIGQUIT: [libjvm.so+0x8210d0], sa_mask[0]=0x7ffbfeff, sa_flags=0x10000004


---------------  S Y S T E M  ---------------

OS:stretch/sid

uname:Linux 4.4.0-24-generic #43-Ubuntu SMP Wed Jun 8 19:27:37 UTC 2016 x86_64
libc:glibc 2.23 NPTL 2.23 
rlimit: STACK 8192k, CORE 0k, NPROC 13251, NOFILE 65536, AS infinity
load average:9.97 6.84 4.10

/proc/meminfo:
MemTotal:        3474760 kB
MemFree:          115560 kB
MemAvailable:      61840 kB
Buffers:            1816 kB
Cached:            47000 kB
SwapCached:            0 kB
Active:          2743188 kB
Inactive:          37368 kB
Active(anon):    2732980 kB
Inactive(anon):    14700 kB
Active(file):      10208 kB
Inactive(file):    22668 kB
Unevictable:          32 kB
Mlocked:              32 kB
SwapTotal:             0 kB
SwapFree:              0 kB
Dirty:               356 kB
Writeback:             0 kB
AnonPages:       2731908 kB
Mapped:            33964 kB
Shmem:             15860 kB
Slab:              65416 kB
SReclaimable:      28624 kB
SUnreclaim:        36792 kB
KernelStack:        8496 kB
PageTables:        31576 kB
NFS_Unstable:          0 kB
Bounce:                0 kB
WritebackTmp:          0 kB
CommitLimit:     1737380 kB
Committed_AS:    7751456 kB
VmallocTotal:   34359738367 kB
VmallocUsed:           0 kB
VmallocChunk:          0 kB
HardwareCorrupted:     0 kB
AnonHugePages:   1271808 kB
CmaTotal:              0 kB
CmaFree:               0 kB
HugePages_Total:       0
HugePages_Free:        0
HugePages_Rsvd:        0
HugePages_Surp:        0
Hugepagesize:       2048 kB
DirectMap4k:      913148 kB
DirectMap2M:     2701312 kB
DirectMap1G:           0 kB


CPU:total 2 (2 cores per cpu, 1 threads per core) family 22 model 0 stepping 1, cmov, cx8, fxsr, mmx, sse, sse2, sse3, ssse3, sse4.1, sse4.2, popcnt, avx, aes, mmxext, 3dnowpref, lzcnt, sse4a, tsc, tscinvbit, tscinv

/proc/cpuinfo:
processor	: 0
vendor_id	: AuthenticAMD
cpu family	: 22
model		: 0
model name	: AMD E1-2100 APU with Radeon(TM) HD Graphics
stepping	: 1
microcode	: 0x700010b
cpu MHz		: 800.000
cache size	: 1024 KB
physical id	: 0
siblings	: 2
core id		: 0
cpu cores	: 2
apicid		: 0
initial apicid	: 0
fpu		: yes
fpu_exception	: yes
cpuid level	: 13
wp		: yes
flags		: fpu vme de pse tsc msr pae mce cx8 apic sep mtrr pge mca cmov pat pse36 clflush mmx fxsr sse sse2 ht syscall nx mmxext fxsr_opt pdpe1gb rdtscp lm constant_tsc rep_good nopl nonstop_tsc extd_apicid aperfmperf eagerfpu pni pclmulqdq monitor ssse3 cx16 sse4_1 sse4_2 movbe popcnt aes xsave avx f16c lahf_lm cmp_legacy svm extapic cr8_legacy abm sse4a misalignsse 3dnowprefetch osvw ibs skinit wdt topoext perfctr_nb bpext perfctr_l2 hw_pstate proc_feedback vmmcall bmi1 xsaveopt arat npt lbrv svm_lock nrip_save tsc_scale flushbyasid decodeassists pausefilter pfthreshold
bugs		: fxsave_leak sysret_ss_attrs
bogomips	: 1996.23
TLB size	: 1024 4K pages
clflush size	: 64
cache_alignment	: 64
address sizes	: 40 bits physical, 48 bits virtual
power management: ts ttp tm 100mhzsteps hwpstate [11]

processor	: 1
vendor_id	: AuthenticAMD
cpu family	: 22
model		: 0
model name	: AMD E1-2100 APU with Radeon(TM) HD Graphics
stepping	: 1
microcode	: 0x700010b
cpu MHz		: 1000.000
cache size	: 1024 KB
physical id	: 0
siblings	: 2
core id		: 1
cpu cores	: 2
apicid		: 1
initial apicid	: 1
fpu		: yes
fpu_exception	: yes
cpuid level	: 13
wp		: yes
flags		: fpu vme de pse tsc msr pae mce cx8 apic sep mtrr pge mca cmov pat pse36 clflush mmx fxsr sse sse2 ht syscall nx mmxext fxsr_opt pdpe1gb rdtscp lm constant_tsc rep_good nopl nonstop_tsc extd_apicid aperfmperf eagerfpu pni pclmulqdq monitor ssse3 cx16 sse4_1 sse4_2 movbe popcnt aes xsave avx f16c lahf_lm cmp_legacy svm extapic cr8_legacy abm sse4a misalignsse 3dnowprefetch osvw ibs skinit wdt topoext perfctr_nb bpext perfctr_l2 hw_pstate proc_feedback vmmcall bmi1 xsaveopt arat npt lbrv svm_lock nrip_save tsc_scale flushbyasid decodeassists pausefilter pfthreshold
bugs		: fxsave_leak sysret_ss_attrs
bogomips	: 1996.23
TLB size	: 1024 4K pages
clflush size	: 64
cache_alignment	: 64
address sizes	: 40 bits physical, 48 bits virtual
power management: ts ttp tm 100mhzsteps hwpstate [11]



Memory: 4k page, physical 3474760k(115560k free), swap 0k(0k free)

vm_info: Java HotSpot(TM) 64-Bit Server VM (24.80-b11) for linux-amd64 JRE (1.7.0_80-b15), built on Apr 10 2015 19:53:14 by "java_re" with gcc 4.3.0 20080428 (Red Hat 4.3.0-8)

time: Sun Jun 26 00:09:29 2016
elapsed time: 104 seconds

